<?xml version="1.0" encoding="UTF-8"?>
<!-- Generated by org.testng.reporters.JUnitReportReporter -->
<testsuite hostname="Kanchan" failures="0" tests="1" name="com.TestCases.TC_LoginTest_001" time="4.302" errors="0" timestamp="2024-08-12T18:08:15 IST" skipped="0">
  <testcase classname="com.TestCases.TC_LoginTest_001" name="LoginTest" time="4.302"/>
</testsuite> <!-- com.TestCases.TC_LoginTest_001 -->
