<?xml version="1.0" encoding="UTF-8"?>
<!-- Generated by org.testng.reporters.JUnitReportReporter -->
<testsuite hostname="Kanchan" failures="0" tests="1" name="com.TestCases.TC_CreateOrganization_002" time="16.668" errors="0" timestamp="2024-08-12T18:08:15 IST" skipped="0">
  <testcase classname="com.TestCases.TC_CreateOrganization_002" name="createOrganization" time="16.668"/>
</testsuite> <!-- com.TestCases.TC_CreateOrganization_002 -->
